Compiling c:\98ddk\src\input\taitojammajoy directory ********************
'nmake.exe /c BUILDMSG=Stop. -i NTTEST= UMTEST= NOLINK=1 386=1'
	ml -c -coff -Cx -nologo -Ii386\ -I. -Ic:\98DDK\inc\win98\inc -I..\inc -Ic:\98DDK\inc\win98 -Ic:\98DDK\inc\win98 -Ic:\98DDK\inc\win98 -DRETAIL -coff -W3 -WX -Zd -c -Cx  -DMASM6 -DWIN40COMPAT -DIS_32 -DWIN32 -DSTD_CALL -DBLD_COFF -FoC:\98DDK\src\input\TaitoJAMMAJoy\obj\i386\digijoy.obj i386\digijoy.asm
 Assembling: i386\digijoy.asm
	ml -c -coff -Cx -nologo -Ii386\ -I. -Ic:\98DDK\inc\win98\inc -I..\inc -Ic:\98DDK\inc\win98 -Ic:\98DDK\inc\win98 -Ic:\98DDK\inc\win98 -DRETAIL -coff -W3 -WX -Zd -c -Cx  -DMASM6 -DWIN40COMPAT -DIS_32 -DWIN32 -DSTD_CALL -DBLD_COFF -FoC:\98DDK\src\input\TaitoJAMMAJoy\obj\i386\poll.obj i386\poll.asm
 Assembling: i386\poll.asm
	ml -c -coff -Cx -nologo -Ii386\ -I. -Ic:\98DDK\inc\win98\inc -I..\inc -Ic:\98DDK\inc\win98 -Ic:\98DDK\inc\win98 -Ic:\98DDK\inc\win98 -DRETAIL -coff -W3 -WX -Zd -c -Cx  -DMASM6 -DWIN40COMPAT -DIS_32 -DWIN32 -DSTD_CALL -DBLD_COFF -FoC:\98DDK\src\input\TaitoJAMMAJoy\obj\i386\timing.obj i386\timing.asm
 Assembling: i386\timing.asm
cl -nologo -Ii386\ -I. -Ic:\98DDK\inc\win98\inc -I..\inc -Ic:\98DDK\inc\win98 -Ic:\98DDK\inc\win98 -Ic:\98DDK\inc\win98 -D_X86_=1 -Di386=1  -DSTD_CALL -DCONDITION_HANDLING=1 -DNT_UP=1  -DNT_INST=0 -DWIN32=100 -D_NT1X_=100 -DWINNT=1 -D_WIN32_WINNT=0x0400    -DWIN32_LEAN_AND_MEAN=1 -DDEVL=1 -DFPO=1    -DNDEBUG -DRETAIL=1 -DIS_32=1 -DWIN40COMPAT=1    /c /Zel /Zp8 /Gy -cbstring /W3 /WX /Gz  /QIfdiv- /QIf  /Gi- /Gm- /GX- /GR- /GF   /Oxs /Oy   -FIc:\98DDK\inc\win98\warning.h  i386\main.c
main.c
cl -nologo -Ii386\ -I. -Ic:\98DDK\inc\win98\inc -I..\inc -Ic:\98DDK\inc\win98 -Ic:\98DDK\inc\win98 -Ic:\98DDK\inc\win98 -D_X86_=1 -Di386=1  -DSTD_CALL -DCONDITION_HANDLING=1 -DNT_UP=1  -DNT_INST=0 -DWIN32=100 -D_NT1X_=100 -DWINNT=1 -D_WIN32_WINNT=0x0400    -DWIN32_LEAN_AND_MEAN=1 -DDEVL=1 -DFPO=1    -DNDEBUG -DRETAIL=1 -DIS_32=1 -DWIN40COMPAT=1    /c /Zel /Zp8 /Gy -cbstring /W3 /WX /Gz  /QIfdiv- /QIf  /Gi- /Gm- /GX- /GR- /GF   /Oxs /Oy   -FIc:\98DDK\inc\win98\warning.h  i386\debug.c
debug.c
	c:\98DDK\bin\win98\bin16\rc -r -foobj\i386\DIGIJOY.res DIGIJOY.rc
Microsoft (R) Windows Resource Compiler Version 4.00
Copyright (C) Microsoft Corp. 1985-1993. All rights reserved.

	link -out:obj\i386\DIGIJOY.vxd -machine:i386 @C:\WINDOWS\TEMP\nma64763. /def:DIGIJOY.DEF
	mapsym -o obj\i386\DIGIJOY.sym obj\i386\DIGIJOY.map
Microsoft (R) Symbol File Generator NTGroup Version 6.02
Copyright (C) Microsoft Corp 1984 - 1996.  All rights reserved.
Line number support enabled
Program entry point at 0000:0000
	c:\98DDK\bin\win98\adrc2vxd obj\i386\DIGIJOY.VXD obj\i386\DIGIJOY.res

Stop. 
Linking c:\98ddk\src\input\taitojammajoy directory ********************
'nmake.exe /c BUILDMSG=Stop. -i LINKONLY=1 NOPASS0=1 NTTEST= UMTEST= 386=1'

Stop. 
